TOP.5e456af6.0002dfeb	START
TOP.5e456af6.0002dfeb	user_options->separator	:
TOP.5e456af6.0002dfeb	user_options->encoding_from	utf-8
TOP.5e456af6.0002dfeb	user_options->encoding_to	utf-8
TOP.5e456af6.0002dfeb	user_options->rule_buf_l	:
TOP.5e456af6.0002dfeb	user_options->rule_buf_r	:
TOP.5e456af6.0002dfeb	user_options->session	hashcat
TOP.5e456af6.0002dfeb	user_options->limit	0
TOP.5e456af6.0002dfeb	user_options->skip	0
TOP.5e456af6.0002dfeb	user_options->attack_mode	0
TOP.5e456af6.0002dfeb	user_options->benchmark	0
TOP.5e456af6.0002dfeb	user_options->benchmark_all	0
TOP.5e456af6.0002dfeb	user_options->bitmap_max	18
TOP.5e456af6.0002dfeb	user_options->bitmap_min	16
TOP.5e456af6.0002dfeb	user_options->debug_mode	0
TOP.5e456af6.0002dfeb	user_options->example_hashes	0
TOP.5e456af6.0002dfeb	user_options->force	1
TOP.5e456af6.0002dfeb	user_options->hwmon_disable	0
TOP.5e456af6.0002dfeb	user_options->hwmon_temp_abort	90
TOP.5e456af6.0002dfeb	user_options->hash_mode	1000
TOP.5e456af6.0002dfeb	user_options->hex_charset	0
TOP.5e456af6.0002dfeb	user_options->hex_salt	0
TOP.5e456af6.0002dfeb	user_options->hex_wordlist	0
TOP.5e456af6.0002dfeb	user_options->increment	0
TOP.5e456af6.0002dfeb	user_options->increment_max	256
TOP.5e456af6.0002dfeb	user_options->increment_min	1
TOP.5e456af6.0002dfeb	user_options->keep_guessing	0
TOP.5e456af6.0002dfeb	user_options->kernel_accel	0
TOP.5e456af6.0002dfeb	user_options->kernel_loops	0
TOP.5e456af6.0002dfeb	user_options->kernel_threads	0
TOP.5e456af6.0002dfeb	user_options->keyspace	0
TOP.5e456af6.0002dfeb	user_options->left	0
TOP.5e456af6.0002dfeb	user_options->logfile_disable	0
TOP.5e456af6.0002dfeb	user_options->loopback	0
TOP.5e456af6.0002dfeb	user_options->machine_readable	0
TOP.5e456af6.0002dfeb	user_options->markov_classic	0
TOP.5e456af6.0002dfeb	user_options->markov_disable	0
TOP.5e456af6.0002dfeb	user_options->markov_threshold	256
TOP.5e456af6.0002dfeb	user_options->opencl_info	0
TOP.5e456af6.0002dfeb	user_options->opencl_vector_width	0
TOP.5e456af6.0002dfeb	user_options->optimized_kernel_enable	0
TOP.5e456af6.0002dfeb	user_options->outfile_autohex	1
TOP.5e456af6.0002dfeb	user_options->outfile_check_timer	5
TOP.5e456af6.0002dfeb	user_options->outfile_format	3
TOP.5e456af6.0002dfeb	user_options->wordlist_autohex_disable	0
TOP.5e456af6.0002dfeb	user_options->potfile_disable	0
TOP.5e456af6.0002dfeb	user_options->progress_only	0
TOP.5e456af6.0002dfeb	user_options->quiet	0
TOP.5e456af6.0002dfeb	user_options->remove	0
TOP.5e456af6.0002dfeb	user_options->remove_timer	60
TOP.5e456af6.0002dfeb	user_options->restore	0
TOP.5e456af6.0002dfeb	user_options->restore_disable	0
TOP.5e456af6.0002dfeb	user_options->restore_timer	60
TOP.5e456af6.0002dfeb	user_options->rp_files_cnt	0
TOP.5e456af6.0002dfeb	user_options->rp_gen	0
TOP.5e456af6.0002dfeb	user_options->rp_gen_func_max	4
TOP.5e456af6.0002dfeb	user_options->rp_gen_func_min	1
TOP.5e456af6.0002dfeb	user_options->rp_gen_seed	0
TOP.5e456af6.0002dfeb	user_options->runtime	0
TOP.5e456af6.0002dfeb	user_options->scrypt_tmto	0
TOP.5e456af6.0002dfeb	user_options->segment_size	33554432
TOP.5e456af6.0002dfeb	user_options->self_test_disable	0
TOP.5e456af6.0002dfeb	user_options->slow_candidates	0
TOP.5e456af6.0002dfeb	user_options->show	0
TOP.5e456af6.0002dfeb	user_options->speed_only	0
TOP.5e456af6.0002dfeb	user_options->spin_damp	8
TOP.5e456af6.0002dfeb	user_options->status	0
TOP.5e456af6.0002dfeb	user_options->status_timer	10
TOP.5e456af6.0002dfeb	user_options->stdout_flag	0
TOP.5e456af6.0002dfeb	user_options->usage	0
TOP.5e456af6.0002dfeb	user_options->username	0
TOP.5e456af6.0002dfeb	user_options->veracrypt_pim	0
TOP.5e456af6.0002dfeb	user_options->version	0
TOP.5e456af6.0002dfeb	user_options->workload_profile	2
TOP.5e456af6.0002dfeb	user_options->brain_client	0
TOP.5e456af6.0002dfeb	user_options->brain_client_features	2
TOP.5e456af6.0002dfeb	user_options->brain_server	0
TOP.5e456af6.0002dfeb	user_options->brain_port	6863
TOP.5e456af6.0002dfeb	user_options->brain_session	0
TOP.5e456af6.0002dfeb	proc_start	1581607670
TOP.5e456af6.0002dfeb	proc_stop	1581607670
TOP.5e456af6.0002dfeb	STOP
TOP.5e456b66.000c418d	START
TOP.5e456b66.000c418d	user_options->separator	:
TOP.5e456b66.000c418d	user_options->encoding_from	utf-8
TOP.5e456b66.000c418d	user_options->encoding_to	utf-8
TOP.5e456b66.000c418d	user_options->rule_buf_l	:
TOP.5e456b66.000c418d	user_options->rule_buf_r	:
TOP.5e456b66.000c418d	user_options->session	hashcat
TOP.5e456b66.000c418d	user_options->limit	0
TOP.5e456b66.000c418d	user_options->skip	0
TOP.5e456b66.000c418d	user_options->attack_mode	0
TOP.5e456b66.000c418d	user_options->benchmark	0
TOP.5e456b66.000c418d	user_options->benchmark_all	0
TOP.5e456b66.000c418d	user_options->bitmap_max	18
TOP.5e456b66.000c418d	user_options->bitmap_min	16
TOP.5e456b66.000c418d	user_options->debug_mode	0
TOP.5e456b66.000c418d	user_options->example_hashes	0
TOP.5e456b66.000c418d	user_options->force	1
TOP.5e456b66.000c418d	user_options->hwmon_disable	0
TOP.5e456b66.000c418d	user_options->hwmon_temp_abort	90
TOP.5e456b66.000c418d	user_options->hash_mode	1000
TOP.5e456b66.000c418d	user_options->hex_charset	0
TOP.5e456b66.000c418d	user_options->hex_salt	0
TOP.5e456b66.000c418d	user_options->hex_wordlist	0
TOP.5e456b66.000c418d	user_options->increment	0
TOP.5e456b66.000c418d	user_options->increment_max	256
TOP.5e456b66.000c418d	user_options->increment_min	1
TOP.5e456b66.000c418d	user_options->keep_guessing	0
TOP.5e456b66.000c418d	user_options->kernel_accel	0
TOP.5e456b66.000c418d	user_options->kernel_loops	0
TOP.5e456b66.000c418d	user_options->kernel_threads	0
TOP.5e456b66.000c418d	user_options->keyspace	0
TOP.5e456b66.000c418d	user_options->left	0
TOP.5e456b66.000c418d	user_options->logfile_disable	0
TOP.5e456b66.000c418d	user_options->loopback	0
TOP.5e456b66.000c418d	user_options->machine_readable	0
TOP.5e456b66.000c418d	user_options->markov_classic	0
TOP.5e456b66.000c418d	user_options->markov_disable	0
TOP.5e456b66.000c418d	user_options->markov_threshold	256
TOP.5e456b66.000c418d	user_options->opencl_info	0
TOP.5e456b66.000c418d	user_options->opencl_vector_width	0
TOP.5e456b66.000c418d	user_options->optimized_kernel_enable	0
TOP.5e456b66.000c418d	user_options->outfile_autohex	1
TOP.5e456b66.000c418d	user_options->outfile_check_timer	5
TOP.5e456b66.000c418d	user_options->outfile_format	3
TOP.5e456b66.000c418d	user_options->wordlist_autohex_disable	0
TOP.5e456b66.000c418d	user_options->potfile_disable	0
TOP.5e456b66.000c418d	user_options->progress_only	0
TOP.5e456b66.000c418d	user_options->quiet	0
TOP.5e456b66.000c418d	user_options->remove	0
TOP.5e456b66.000c418d	user_options->remove_timer	60
TOP.5e456b66.000c418d	user_options->restore	0
TOP.5e456b66.000c418d	user_options->restore_disable	0
TOP.5e456b66.000c418d	user_options->restore_timer	60
TOP.5e456b66.000c418d	user_options->rp_files_cnt	0
TOP.5e456b66.000c418d	user_options->rp_gen	0
TOP.5e456b66.000c418d	user_options->rp_gen_func_max	4
TOP.5e456b66.000c418d	user_options->rp_gen_func_min	1
TOP.5e456b66.000c418d	user_options->rp_gen_seed	0
TOP.5e456b66.000c418d	user_options->runtime	0
TOP.5e456b66.000c418d	user_options->scrypt_tmto	0
TOP.5e456b66.000c418d	user_options->segment_size	33554432
TOP.5e456b66.000c418d	user_options->self_test_disable	0
TOP.5e456b66.000c418d	user_options->slow_candidates	0
TOP.5e456b66.000c418d	user_options->show	0
TOP.5e456b66.000c418d	user_options->speed_only	0
TOP.5e456b66.000c418d	user_options->spin_damp	8
TOP.5e456b66.000c418d	user_options->status	0
TOP.5e456b66.000c418d	user_options->status_timer	10
TOP.5e456b66.000c418d	user_options->stdout_flag	0
TOP.5e456b66.000c418d	user_options->usage	0
TOP.5e456b66.000c418d	user_options->username	0
TOP.5e456b66.000c418d	user_options->veracrypt_pim	0
TOP.5e456b66.000c418d	user_options->version	0
TOP.5e456b66.000c418d	user_options->workload_profile	2
TOP.5e456b66.000c418d	user_options->brain_client	0
TOP.5e456b66.000c418d	user_options->brain_client_features	2
TOP.5e456b66.000c418d	user_options->brain_server	0
TOP.5e456b66.000c418d	user_options->brain_port	6863
TOP.5e456b66.000c418d	user_options->brain_session	0
TOP.5e456b66.000c418d	hashes->hashlist_mode	5
TOP.5e456b66.000c418d	hashes->hashlist_format	0
TOP.5e456b66.000c418d	hashes->hashes_cnt	0
TOP.5e456b66.000c418d	hashes->digests_cnt	1
TOP.5e456b66.000c418d	hashes->digests_done	0
TOP.5e456b66.000c418d	hashes->salts_cnt	1
TOP.5e456b66.000c418d	hashes->salts_done	0
TOP.5e456b66.000c418d	SUB.5e456b78.0007f0a0	START
TOP.5e456b66.000c418d	SUB.5e456b78.0007f0a0	straight_ctx->dict	D:\pentest\web\self_fuzz_dicts\password.txt
TOP.5e456b66.000c418d	SUB.5e456b78.0007f0a0	runtime_start	1581607800
TOP.5e456b66.000c418d	SUB.5e456b78.0007f0a0	runtime_stop	1581607800
TOP.5e456b66.000c418d	SUB.5e456b78.0007f0a0	status-after-work	5
TOP.5e456b66.000c418d	SUB.5e456b78.0007f0a0	STOP
TOP.5e456b66.000c418d	proc_start	1581607782
TOP.5e456b66.000c418d	proc_stop	1581607801
TOP.5e456b66.000c418d	STOP
TOP.5e456c72.000c80b7	START
TOP.5e456c72.000c80b7	user_options->separator	:
TOP.5e456c72.000c80b7	user_options->encoding_from	utf-8
TOP.5e456c72.000c80b7	user_options->encoding_to	utf-8
TOP.5e456c72.000c80b7	user_options->rule_buf_l	:
TOP.5e456c72.000c80b7	user_options->rule_buf_r	:
TOP.5e456c72.000c80b7	user_options->session	hashcat
TOP.5e456c72.000c80b7	user_options->limit	0
TOP.5e456c72.000c80b7	user_options->skip	0
TOP.5e456c72.000c80b7	user_options->attack_mode	0
TOP.5e456c72.000c80b7	user_options->benchmark	0
TOP.5e456c72.000c80b7	user_options->benchmark_all	0
TOP.5e456c72.000c80b7	user_options->bitmap_max	18
TOP.5e456c72.000c80b7	user_options->bitmap_min	16
TOP.5e456c72.000c80b7	user_options->debug_mode	0
TOP.5e456c72.000c80b7	user_options->example_hashes	0
TOP.5e456c72.000c80b7	user_options->force	1
TOP.5e456c72.000c80b7	user_options->hwmon_disable	0
TOP.5e456c72.000c80b7	user_options->hwmon_temp_abort	90
TOP.5e456c72.000c80b7	user_options->hash_mode	1000
TOP.5e456c72.000c80b7	user_options->hex_charset	0
TOP.5e456c72.000c80b7	user_options->hex_salt	0
TOP.5e456c72.000c80b7	user_options->hex_wordlist	0
TOP.5e456c72.000c80b7	user_options->increment	0
TOP.5e456c72.000c80b7	user_options->increment_max	256
TOP.5e456c72.000c80b7	user_options->increment_min	1
TOP.5e456c72.000c80b7	user_options->keep_guessing	0
TOP.5e456c72.000c80b7	user_options->kernel_accel	0
TOP.5e456c72.000c80b7	user_options->kernel_loops	0
TOP.5e456c72.000c80b7	user_options->kernel_threads	0
TOP.5e456c72.000c80b7	user_options->keyspace	0
TOP.5e456c72.000c80b7	user_options->left	0
TOP.5e456c72.000c80b7	user_options->logfile_disable	0
TOP.5e456c72.000c80b7	user_options->loopback	0
TOP.5e456c72.000c80b7	user_options->machine_readable	0
TOP.5e456c72.000c80b7	user_options->markov_classic	0
TOP.5e456c72.000c80b7	user_options->markov_disable	0
TOP.5e456c72.000c80b7	user_options->markov_threshold	256
TOP.5e456c72.000c80b7	user_options->opencl_info	0
TOP.5e456c72.000c80b7	user_options->opencl_vector_width	0
TOP.5e456c72.000c80b7	user_options->optimized_kernel_enable	0
TOP.5e456c72.000c80b7	user_options->outfile_autohex	1
TOP.5e456c72.000c80b7	user_options->outfile_check_timer	5
TOP.5e456c72.000c80b7	user_options->outfile_format	3
TOP.5e456c72.000c80b7	user_options->wordlist_autohex_disable	0
TOP.5e456c72.000c80b7	user_options->potfile_disable	0
TOP.5e456c72.000c80b7	user_options->progress_only	0
TOP.5e456c72.000c80b7	user_options->quiet	0
TOP.5e456c72.000c80b7	user_options->remove	0
TOP.5e456c72.000c80b7	user_options->remove_timer	60
TOP.5e456c72.000c80b7	user_options->restore	0
TOP.5e456c72.000c80b7	user_options->restore_disable	0
TOP.5e456c72.000c80b7	user_options->restore_timer	60
TOP.5e456c72.000c80b7	user_options->rp_files_cnt	0
TOP.5e456c72.000c80b7	user_options->rp_gen	0
TOP.5e456c72.000c80b7	user_options->rp_gen_func_max	4
TOP.5e456c72.000c80b7	user_options->rp_gen_func_min	1
TOP.5e456c72.000c80b7	user_options->rp_gen_seed	0
TOP.5e456c72.000c80b7	user_options->runtime	0
TOP.5e456c72.000c80b7	user_options->scrypt_tmto	0
TOP.5e456c72.000c80b7	user_options->segment_size	33554432
TOP.5e456c72.000c80b7	user_options->self_test_disable	0
TOP.5e456c72.000c80b7	user_options->slow_candidates	0
TOP.5e456c72.000c80b7	user_options->show	0
TOP.5e456c72.000c80b7	user_options->speed_only	0
TOP.5e456c72.000c80b7	user_options->spin_damp	8
TOP.5e456c72.000c80b7	user_options->status	0
TOP.5e456c72.000c80b7	user_options->status_timer	10
TOP.5e456c72.000c80b7	user_options->stdout_flag	0
TOP.5e456c72.000c80b7	user_options->usage	0
TOP.5e456c72.000c80b7	user_options->username	0
TOP.5e456c72.000c80b7	user_options->veracrypt_pim	0
TOP.5e456c72.000c80b7	user_options->version	0
TOP.5e456c72.000c80b7	user_options->workload_profile	2
TOP.5e456c72.000c80b7	user_options->brain_client	0
TOP.5e456c72.000c80b7	user_options->brain_client_features	2
TOP.5e456c72.000c80b7	user_options->brain_server	0
TOP.5e456c72.000c80b7	user_options->brain_port	6863
TOP.5e456c72.000c80b7	user_options->brain_session	0
TOP.5e456c72.000c80b7	proc_start	1581608050
TOP.5e456c72.000c80b7	proc_stop	1581608050
TOP.5e456c72.000c80b7	STOP
TOP.5e456c7d.0003f06e	START
TOP.5e456c7d.0003f06e	user_options->separator	:
TOP.5e456c7d.0003f06e	user_options->encoding_from	utf-8
TOP.5e456c7d.0003f06e	user_options->encoding_to	utf-8
TOP.5e456c7d.0003f06e	user_options->rule_buf_l	:
TOP.5e456c7d.0003f06e	user_options->rule_buf_r	:
TOP.5e456c7d.0003f06e	user_options->session	hashcat
TOP.5e456c7d.0003f06e	user_options->limit	0
TOP.5e456c7d.0003f06e	user_options->skip	0
TOP.5e456c7d.0003f06e	user_options->attack_mode	0
TOP.5e456c7d.0003f06e	user_options->benchmark	0
TOP.5e456c7d.0003f06e	user_options->benchmark_all	0
TOP.5e456c7d.0003f06e	user_options->bitmap_max	18
TOP.5e456c7d.0003f06e	user_options->bitmap_min	16
TOP.5e456c7d.0003f06e	user_options->debug_mode	0
TOP.5e456c7d.0003f06e	user_options->example_hashes	0
TOP.5e456c7d.0003f06e	user_options->force	1
TOP.5e456c7d.0003f06e	user_options->hwmon_disable	0
TOP.5e456c7d.0003f06e	user_options->hwmon_temp_abort	90
TOP.5e456c7d.0003f06e	user_options->hash_mode	1000
TOP.5e456c7d.0003f06e	user_options->hex_charset	0
TOP.5e456c7d.0003f06e	user_options->hex_salt	0
TOP.5e456c7d.0003f06e	user_options->hex_wordlist	0
TOP.5e456c7d.0003f06e	user_options->increment	0
TOP.5e456c7d.0003f06e	user_options->increment_max	256
TOP.5e456c7d.0003f06e	user_options->increment_min	1
TOP.5e456c7d.0003f06e	user_options->keep_guessing	0
TOP.5e456c7d.0003f06e	user_options->kernel_accel	0
TOP.5e456c7d.0003f06e	user_options->kernel_loops	0
TOP.5e456c7d.0003f06e	user_options->kernel_threads	0
TOP.5e456c7d.0003f06e	user_options->keyspace	0
TOP.5e456c7d.0003f06e	user_options->left	0
TOP.5e456c7d.0003f06e	user_options->logfile_disable	0
TOP.5e456c7d.0003f06e	user_options->loopback	0
TOP.5e456c7d.0003f06e	user_options->machine_readable	0
TOP.5e456c7d.0003f06e	user_options->markov_classic	0
TOP.5e456c7d.0003f06e	user_options->markov_disable	0
TOP.5e456c7d.0003f06e	user_options->markov_threshold	256
TOP.5e456c7d.0003f06e	user_options->opencl_info	0
TOP.5e456c7d.0003f06e	user_options->opencl_vector_width	0
TOP.5e456c7d.0003f06e	user_options->optimized_kernel_enable	0
TOP.5e456c7d.0003f06e	user_options->outfile_autohex	1
TOP.5e456c7d.0003f06e	user_options->outfile_check_timer	5
TOP.5e456c7d.0003f06e	user_options->outfile_format	3
TOP.5e456c7d.0003f06e	user_options->wordlist_autohex_disable	0
TOP.5e456c7d.0003f06e	user_options->potfile_disable	0
TOP.5e456c7d.0003f06e	user_options->progress_only	0
TOP.5e456c7d.0003f06e	user_options->quiet	0
TOP.5e456c7d.0003f06e	user_options->remove	0
TOP.5e456c7d.0003f06e	user_options->remove_timer	60
TOP.5e456c7d.0003f06e	user_options->restore	0
TOP.5e456c7d.0003f06e	user_options->restore_disable	0
TOP.5e456c7d.0003f06e	user_options->restore_timer	60
TOP.5e456c7d.0003f06e	user_options->rp_files_cnt	0
TOP.5e456c7d.0003f06e	user_options->rp_gen	0
TOP.5e456c7d.0003f06e	user_options->rp_gen_func_max	4
TOP.5e456c7d.0003f06e	user_options->rp_gen_func_min	1
TOP.5e456c7d.0003f06e	user_options->rp_gen_seed	0
TOP.5e456c7d.0003f06e	user_options->runtime	0
TOP.5e456c7d.0003f06e	user_options->scrypt_tmto	0
TOP.5e456c7d.0003f06e	user_options->segment_size	33554432
TOP.5e456c7d.0003f06e	user_options->self_test_disable	0
TOP.5e456c7d.0003f06e	user_options->slow_candidates	0
TOP.5e456c7d.0003f06e	user_options->show	0
TOP.5e456c7d.0003f06e	user_options->speed_only	0
TOP.5e456c7d.0003f06e	user_options->spin_damp	8
TOP.5e456c7d.0003f06e	user_options->status	0
TOP.5e456c7d.0003f06e	user_options->status_timer	10
TOP.5e456c7d.0003f06e	user_options->stdout_flag	0
TOP.5e456c7d.0003f06e	user_options->usage	0
TOP.5e456c7d.0003f06e	user_options->username	0
TOP.5e456c7d.0003f06e	user_options->veracrypt_pim	0
TOP.5e456c7d.0003f06e	user_options->version	0
TOP.5e456c7d.0003f06e	user_options->workload_profile	2
TOP.5e456c7d.0003f06e	user_options->brain_client	0
TOP.5e456c7d.0003f06e	user_options->brain_client_features	2
TOP.5e456c7d.0003f06e	user_options->brain_server	0
TOP.5e456c7d.0003f06e	user_options->brain_port	6863
TOP.5e456c7d.0003f06e	user_options->brain_session	0
TOP.5e456c7d.0003f06e	hashes->hashlist_mode	5
TOP.5e456c7d.0003f06e	hashes->hashlist_format	0
TOP.5e456c7d.0003f06e	hashes->hashes_cnt	0
TOP.5e456c7d.0003f06e	hashes->digests_cnt	1
TOP.5e456c7d.0003f06e	hashes->digests_done	0
TOP.5e456c7d.0003f06e	hashes->salts_cnt	1
TOP.5e456c7d.0003f06e	hashes->salts_done	0
TOP.5e456c7d.0003f06e	SUB.5e456c80.0003c167	START
TOP.5e456c7d.0003f06e	SUB.5e456c80.0003c167	straight_ctx->dict	D:\pentest\web\self_fuzz_dicts\password.txt
TOP.5e456c7d.0003f06e	SUB.5e456c80.0003c167	runtime_start	1581608064
TOP.5e456c7d.0003f06e	SUB.5e456c80.0003c167	runtime_stop	1581608064
TOP.5e456c7d.0003f06e	SUB.5e456c80.0003c167	status-after-work	5
TOP.5e456c7d.0003f06e	SUB.5e456c80.0003c167	STOP
TOP.5e456c7d.0003f06e	proc_start	1581608061
TOP.5e456c7d.0003f06e	proc_stop	1581608066
TOP.5e456c7d.0003f06e	STOP
TOP.5e456ff7.000d132f	START
TOP.5e456ff7.000d132f	user_options->separator	:
TOP.5e456ff7.000d132f	user_options->encoding_from	utf-8
TOP.5e456ff7.000d132f	user_options->encoding_to	utf-8
TOP.5e456ff7.000d132f	user_options->rule_buf_l	:
TOP.5e456ff7.000d132f	user_options->rule_buf_r	:
TOP.5e456ff7.000d132f	user_options->session	hashcat
TOP.5e456ff7.000d132f	user_options->limit	0
TOP.5e456ff7.000d132f	user_options->skip	0
TOP.5e456ff7.000d132f	user_options->attack_mode	0
TOP.5e456ff7.000d132f	user_options->benchmark	0
TOP.5e456ff7.000d132f	user_options->benchmark_all	0
TOP.5e456ff7.000d132f	user_options->bitmap_max	18
TOP.5e456ff7.000d132f	user_options->bitmap_min	16
TOP.5e456ff7.000d132f	user_options->debug_mode	0
TOP.5e456ff7.000d132f	user_options->example_hashes	0
TOP.5e456ff7.000d132f	user_options->force	1
TOP.5e456ff7.000d132f	user_options->hwmon_disable	0
TOP.5e456ff7.000d132f	user_options->hwmon_temp_abort	90
TOP.5e456ff7.000d132f	user_options->hash_mode	1000
TOP.5e456ff7.000d132f	user_options->hex_charset	0
TOP.5e456ff7.000d132f	user_options->hex_salt	0
TOP.5e456ff7.000d132f	user_options->hex_wordlist	0
TOP.5e456ff7.000d132f	user_options->increment	0
TOP.5e456ff7.000d132f	user_options->increment_max	256
TOP.5e456ff7.000d132f	user_options->increment_min	1
TOP.5e456ff7.000d132f	user_options->keep_guessing	0
TOP.5e456ff7.000d132f	user_options->kernel_accel	0
TOP.5e456ff7.000d132f	user_options->kernel_loops	0
TOP.5e456ff7.000d132f	user_options->kernel_threads	0
TOP.5e456ff7.000d132f	user_options->keyspace	0
TOP.5e456ff7.000d132f	user_options->left	0
TOP.5e456ff7.000d132f	user_options->logfile_disable	0
TOP.5e456ff7.000d132f	user_options->loopback	0
TOP.5e456ff7.000d132f	user_options->machine_readable	0
TOP.5e456ff7.000d132f	user_options->markov_classic	0
TOP.5e456ff7.000d132f	user_options->markov_disable	0
TOP.5e456ff7.000d132f	user_options->markov_threshold	256
TOP.5e456ff7.000d132f	user_options->opencl_info	0
TOP.5e456ff7.000d132f	user_options->opencl_vector_width	0
TOP.5e456ff7.000d132f	user_options->optimized_kernel_enable	0
TOP.5e456ff7.000d132f	user_options->outfile_autohex	1
TOP.5e456ff7.000d132f	user_options->outfile_check_timer	5
TOP.5e456ff7.000d132f	user_options->outfile_format	3
TOP.5e456ff7.000d132f	user_options->wordlist_autohex_disable	0
TOP.5e456ff7.000d132f	user_options->potfile_disable	0
TOP.5e456ff7.000d132f	user_options->progress_only	0
TOP.5e456ff7.000d132f	user_options->quiet	0
TOP.5e456ff7.000d132f	user_options->remove	0
TOP.5e456ff7.000d132f	user_options->remove_timer	60
TOP.5e456ff7.000d132f	user_options->restore	0
TOP.5e456ff7.000d132f	user_options->restore_disable	0
TOP.5e456ff7.000d132f	user_options->restore_timer	60
TOP.5e456ff7.000d132f	user_options->rp_files_cnt	0
TOP.5e456ff7.000d132f	user_options->rp_gen	0
TOP.5e456ff7.000d132f	user_options->rp_gen_func_max	4
TOP.5e456ff7.000d132f	user_options->rp_gen_func_min	1
TOP.5e456ff7.000d132f	user_options->rp_gen_seed	0
TOP.5e456ff7.000d132f	user_options->runtime	0
TOP.5e456ff7.000d132f	user_options->scrypt_tmto	0
TOP.5e456ff7.000d132f	user_options->segment_size	33554432
TOP.5e456ff7.000d132f	user_options->self_test_disable	0
TOP.5e456ff7.000d132f	user_options->slow_candidates	0
TOP.5e456ff7.000d132f	user_options->show	0
TOP.5e456ff7.000d132f	user_options->speed_only	0
TOP.5e456ff7.000d132f	user_options->spin_damp	8
TOP.5e456ff7.000d132f	user_options->status	0
TOP.5e456ff7.000d132f	user_options->status_timer	10
TOP.5e456ff7.000d132f	user_options->stdout_flag	0
TOP.5e456ff7.000d132f	user_options->usage	0
TOP.5e456ff7.000d132f	user_options->username	0
TOP.5e456ff7.000d132f	user_options->veracrypt_pim	0
TOP.5e456ff7.000d132f	user_options->version	0
TOP.5e456ff7.000d132f	user_options->workload_profile	2
TOP.5e456ff7.000d132f	user_options->brain_client	0
TOP.5e456ff7.000d132f	user_options->brain_client_features	2
TOP.5e456ff7.000d132f	user_options->brain_server	0
TOP.5e456ff7.000d132f	user_options->brain_port	6863
TOP.5e456ff7.000d132f	user_options->brain_session	0
TOP.5e456ff7.000d132f	hashes->hashlist_mode	5
TOP.5e456ff7.000d132f	hashes->hashlist_format	0
TOP.5e456ff7.000d132f	hashes->hashes_cnt	0
TOP.5e456ff7.000d132f	hashes->digests_cnt	1
TOP.5e456ff7.000d132f	hashes->digests_done	0
TOP.5e456ff7.000d132f	hashes->salts_cnt	1
TOP.5e456ff7.000d132f	hashes->salts_done	0
TOP.5e456ff7.000d132f	SUB.5e456ffa.000c3a8d	START
TOP.5e456ff7.000d132f	SUB.5e456ffa.000c3a8d	straight_ctx->dict	3389.txt
TOP.5e456ff7.000d132f	SUB.5e456ffa.000c3a8d	runtime_start	1581608954
TOP.5e456ff7.000d132f	SUB.5e456ffa.000c3a8d	runtime_stop	1581608954
TOP.5e456ff7.000d132f	SUB.5e456ffa.000c3a8d	status-after-work	5
TOP.5e456ff7.000d132f	SUB.5e456ffa.000c3a8d	STOP
TOP.5e456ff7.000d132f	proc_start	1581608951
TOP.5e456ff7.000d132f	proc_stop	1581608956
TOP.5e456ff7.000d132f	STOP
